C51 COMPILER V9.60.0.0   MAIN                                                              03/18/2022 14:53:09 PAGE 1   


C51 COMPILER V9.60.0.0, COMPILATION OF MODULE MAIN
OBJECT MODULE PLACED IN .\Objects\main.obj
COMPILER INVOKED BY: C:\Keil_v5\C51\BIN\C51.exe main.c OPTIMIZE(8,SPEED) BROWSE DEBUG OBJECTEXTEND PRINT(.\Listings\main
                    -.lst) TABS(2) OBJECT(.\Objects\main.obj)

line level    source

   1          #include <at89c5131.h>
   2          #include "lcd.h"    //Header file with LCD interfacing functions
   3          #include "serial.c" //C file with UART interfacing functions
   4          
   5          sbit LED=P1^7;
   6          
   7          //Test function definitions
   8          
   9          /************************************************
  10             lcd_test():
  11            LCD test function that gets called when
  12            '1' is received from UART
  13            Prints "LCD Ok" on LCD. After 4 seconds
  14            LCD is cleared
  15          ************************************************/
  16          void lcd_test(void)
  17          {
  18   1         lcd_cmd(0x80);
  19   1         lcd_write_string("EE337");
  20   1         msdelay(2000);
  21   1         lcd_cmd(0x01);
  22   1      } 
  23          
  24          /************************************************
  25             led_test():
  26            LED test code. Update this function
  27            to test LEDs on P1.7-P1.4 by blinking
  28            them for a few times.
  29          ************************************************/
  30          void led_test(void)
  31          {
  32   1        P1_7 = 1;
  33   1        msdelay(500);
  34   1        P1_7 = 0;
  35   1        P1_6 = 1;
  36   1        msdelay(500);
  37   1        P1_6 = 0;
  38   1        P1_5 = 1;
  39   1        msdelay(500);
  40   1        P1_5 = 0;
  41   1        P1_4 = 1;
  42   1        msdelay(500);
  43   1        P1_4 = 0;
  44   1      }
  45          
  46          
  47          //Main function
  48          void main(void)
  49          {
  50   1        unsigned char ch=0;
  51   1        
  52   1        //Initialize port P1 for output from P1.7-P1.4
  53   1        P1 = 0x0F;
  54   1        
C51 COMPILER V9.60.0.0   MAIN                                                              03/18/2022 14:53:09 PAGE 2   

  55   1        //Call initialization functions
  56   1        lcd_init();
  57   1        uart_init();
  58   1        
  59   1        //These strings will be printed in terminal software
  60   1        transmit_string("************************\r\n");
  61   1        transmit_string("******8051 Tests********\r\n");
  62   1        transmit_string("************************\r\n");
  63   1        transmit_string("Press 1 for LCD test\r\n");
  64   1        transmit_string("Press 2 for LED test\r\n");
  65   1        
  66   1        while(1)
  67   1        {
  68   2            //Receive a character
  69   2            ch = receive_char();
  70   2          
  71   2            //Decide which test function to run based on character sent
  72   2            //Displays the string on the terminal software
  73   2            switch(ch)
  74   2            {
  75   3              case '1':lcd_test();
  76   3                       transmit_string("LCD tested\r\n");
  77   3                       break;
  78   3              
  79   3              case '2':led_test();
  80   3                       transmit_string("LED tested\r\n");
  81   3                       break;
  82   3                    
  83   3              default:transmit_string("Incorrect test. Pass correct number\r\n");
  84   3                       break;
  85   3              
  86   3            }
  87   2            msdelay(100);
  88   2        }
  89   1      }


MODULE INFORMATION:   STATIC OVERLAYABLE
   CODE SIZE        =    585    ----
   CONSTANT SIZE    =    170    ----
   XDATA SIZE       =   ----    ----
   PDATA SIZE       =   ----    ----
   DATA SIZE        =   ----      12
   IDATA SIZE       =   ----    ----
   BIT SIZE         =      2    ----
END OF MODULE INFORMATION.


C51 COMPILATION COMPLETE.  0 WARNING(S),  0 ERROR(S)
