C51 COMPILER V9.60.0.0   MAIN                                                              03/17/2022 20:39:51 PAGE 1   


C51 COMPILER V9.60.0.0, COMPILATION OF MODULE MAIN
OBJECT MODULE PLACED IN .\Objects\Main.obj
COMPILER INVOKED BY: C:\Keil_v5\C51\BIN\C51.exe Main.c OPTIMIZE(8,SPEED) BROWSE DEBUG OBJECTEXTEND PRINT(.\Listings\Main
                    -.lst) TABS(2) OBJECT(.\Objects\Main.obj)

line level    source

   1          #include <at89c5131.h>
   2          #include "lcd.h"        //Header file with LCD interfacing functions
   3          #include "MorseCode.h"  //Header file for Morse Code 
   4          
   5          sbit LED=P1^7;
   6          
   7          /*
   8          Port P0.7 is used for the audio signal output
   9          */
  10          int value;
  11          //Main function
  12          
  13          void main(void)
  14          {
  15   1          
  16   1        //Call initialization functions
  17   1        lcd_init();
  18   1        lcd_cmd(0x88);
  19   1        
  20   1        // Read input nibble here
  21   1        P1 = 0x0F ;
  22   1        value = P1;
  23   1        // Insert Priority Logic
  24   1        // Inside each condition, call the functions from MorseCode.h. Fill functions in MorseCode.h
  25   1        if (value%2) {
  26   2          lcd_write_char('A');
  27   2          morsea();
  28   2        }
  29   1        else if (value%4) {
  30   2          lcd_write_char('B');
  31   2          morseb();
  32   2        }
  33   1        else if (value%8) {
  34   2          lcd_write_char('C');
  35   2          morsec();
  36   2        }
  37   1        else if (value%16) {
  38   2          lcd_write_char('D');
  39   2          morsed();
  40   2        }
  41   1        else {
  42   2          lcd_write_char('E');
  43   2          morsee();
  44   2        }
  45   1        // Write to LCD using function lcd_write_string() in side the condition as well 
  46   1        while (1) {
  47   2        }
  48   1      }


MODULE INFORMATION:   STATIC OVERLAYABLE
   CODE SIZE        =    405    ----
   CONSTANT SIZE    =   ----    ----
   XDATA SIZE       =   ----    ----
C51 COMPILER V9.60.0.0   MAIN                                                              03/17/2022 20:39:51 PAGE 2   

   PDATA SIZE       =   ----    ----
   DATA SIZE        =      2       3
   IDATA SIZE       =   ----    ----
   BIT SIZE         =   ----    ----
END OF MODULE INFORMATION.


C51 COMPILATION COMPLETE.  0 WARNING(S),  0 ERROR(S)
